c:\users\hyo29\source\repos\doitformyself\doitformyself\debug\vc142.pdb
c:\users\hyo29\source\repos\doitformyself\doitformyself\debug\vc142.idb
c:\users\hyo29\source\repos\doitformyself\doitformyself\debug\doitformyself.obj
c:\users\hyo29\source\repos\doitformyself\doitformyself\debug\doitformyself.res
c:\users\hyo29\source\repos\doitformyself\debug\doitformyself.pdb
c:\users\hyo29\source\repos\doitformyself\doitformyself\debug\doitformyself.tlog\cl.command.1.tlog
c:\users\hyo29\source\repos\doitformyself\doitformyself\debug\doitformyself.tlog\cl.read.1.tlog
c:\users\hyo29\source\repos\doitformyself\doitformyself\debug\doitformyself.tlog\cl.write.1.tlog
c:\users\hyo29\source\repos\doitformyself\doitformyself\debug\doitformyself.tlog\link-cvtres.read.1.tlog
c:\users\hyo29\source\repos\doitformyself\doitformyself\debug\doitformyself.tlog\link-cvtres.write.1.tlog
c:\users\hyo29\source\repos\doitformyself\doitformyself\debug\doitformyself.tlog\link-rc.read.1.tlog
c:\users\hyo29\source\repos\doitformyself\doitformyself\debug\doitformyself.tlog\link-rc.write.1.tlog
c:\users\hyo29\source\repos\doitformyself\doitformyself\debug\doitformyself.tlog\link.26980-cvtres.read.1.tlog
c:\users\hyo29\source\repos\doitformyself\doitformyself\debug\doitformyself.tlog\link.26980-cvtres.write.1.tlog
c:\users\hyo29\source\repos\doitformyself\doitformyself\debug\doitformyself.tlog\link.26980-rc.read.1.tlog
c:\users\hyo29\source\repos\doitformyself\doitformyself\debug\doitformyself.tlog\link.26980-rc.write.1.tlog
c:\users\hyo29\source\repos\doitformyself\doitformyself\debug\doitformyself.tlog\link.26980.read.1.tlog
c:\users\hyo29\source\repos\doitformyself\doitformyself\debug\doitformyself.tlog\link.26980.write.1.tlog
c:\users\hyo29\source\repos\doitformyself\doitformyself\debug\doitformyself.tlog\link.command.1.tlog
c:\users\hyo29\source\repos\doitformyself\doitformyself\debug\doitformyself.tlog\link.read.1.tlog
c:\users\hyo29\source\repos\doitformyself\doitformyself\debug\doitformyself.tlog\link.write.1.tlog
c:\users\hyo29\source\repos\doitformyself\doitformyself\debug\doitformyself.tlog\rc.command.1.tlog
c:\users\hyo29\source\repos\doitformyself\doitformyself\debug\doitformyself.tlog\rc.read.1.tlog
c:\users\hyo29\source\repos\doitformyself\doitformyself\debug\doitformyself.tlog\rc.write.1.tlog
